<?xml version="1.0" encoding="UTF-8"?>
<!-- Generated by org.testng.reporters.JUnitReportReporter -->
<testsuite skipped="5" hostname="EN911016" name="runner.Runner" tests="16" failures="1" timestamp="03 Sep 2019 17:08:33 GMT" time="46.871" errors="0">
  <testcase name="runScenario" time="4.690" classname="runner.Runner"/>
  <testcase name="runScenario" time="4.543" classname="runner.Runner"/>
  <testcase name="runScenario" time="0.000" classname="runner.Runner">
    <skipped/>
  </testcase> <!-- runScenario -->
  <testcase name="runScenario" time="4.643" classname="runner.Runner"/>
  <testcase name="runScenario" time="4.038" classname="runner.Runner"/>
  <testcase name="runScenario" time="4.622" classname="runner.Runner"/>
  <testcase name="runScenario" time="0.002" classname="runner.Runner">
    <skipped/>
  </testcase> <!-- runScenario -->
  <testcase name="runScenario" time="4.607" classname="runner.Runner"/>
  <testcase name="runScenario" time="4.648" classname="runner.Runner"/>
  <testcase name="runScenario" time="0.000" classname="runner.Runner">
    <skipped/>
  </testcase> <!-- runScenario -->
  <testcase name="runScenario" time="0.558" classname="runner.Runner">
    <skipped/>
  </testcase> <!-- runScenario -->
  <testcase name="runScenario" time="4.675" classname="runner.Runner"/>
  <testcase name="runScenario" time="0.000" classname="runner.Runner">
    <skipped/>
  </testcase> <!-- runScenario -->
  <testcase name="runScenario" time="4.663" classname="runner.Runner">
    <failure type="java.lang.AssertionError" message="
Expected: &quot;2019-09-03T09:30:00&quot;
     but: was &quot;2019-08-30T16:02:00&quot;">
      <![CDATA[java.lang.AssertionError: 
Expected: "2019-09-03T09:30:00"
     but: was "2019-08-30T16:02:00"
at org.hamcrest.MatcherAssert.assertThat(MatcherAssert.java:18)
at org.hamcrest.MatcherAssert.assertThat(MatcherAssert.java:6)
at steps.marketdata.timesales.AssertTimeSalesSteps.iReceiveTimeSalesInformationRelatedToTheSymbol(AssertTimeSalesSteps.java:18)
at âœ½.I receive time sales information related to the symbol(file:src/test/resources/features/marketdata.feature:53)
]]>
    </failure>
  </testcase> <!-- runScenario -->
  <testcase name="runScenario" time="4.652" classname="runner.Runner"/>
  <testcase name="runScenario" time="0.530" classname="runner.Runner"/>
</testsuite> <!-- runner.Runner -->
